proguard/seeds.txt
com.partlight.ms.R$attr: int adSize
com.partlight.ms.R$attr: int adSizes
com.partlight.ms.R$attr: int adUnitId
com.partlight.ms.R$attr: int appTheme
com.partlight.ms.R$attr: int buyButtonAppearance
com.partlight.ms.R$attr: int buyButtonHeight
com.partlight.ms.R$attr: int buyButtonText
com.partlight.ms.R$attr: int buyButtonWidth
com.partlight.ms.R$attr: int cameraBearing
com.partlight.ms.R$attr: int cameraTargetLat
com.partlight.ms.R$attr: int cameraTargetLng
com.partlight.ms.R$attr: int cameraTilt
com.partlight.ms.R$attr: int cameraZoom
com.partlight.ms.R$attr: int circleCrop
com.partlight.ms.R$attr: int environment
com.partlight.ms.R$attr: int fragmentMode
com.partlight.ms.R$attr: int fragmentStyle
com.partlight.ms.R$attr: int imageAspectRatio
com.partlight.ms.R$attr: int imageAspectRatioAdjust
com.partlight.ms.R$attr: int liteMode
com.partlight.ms.R$attr: int mapType
com.partlight.ms.R$attr: int maskedWalletDetailsBackground
com.partlight.ms.R$attr: int maskedWalletDetailsButtonBackground
com.partlight.ms.R$attr: int maskedWalletDetailsButtonTextAppearance
com.partlight.ms.R$attr: int maskedWalletDetailsHeaderTextAppearance
com.partlight.ms.R$attr: int maskedWalletDetailsLogoImageType
com.partlight.ms.R$attr: int maskedWalletDetailsLogoTextColor
com.partlight.ms.R$attr: int maskedWalletDetailsTextAppearance
com.partlight.ms.R$attr: int uiCompass
com.partlight.ms.R$attr: int uiMapToolbar
com.partlight.ms.R$attr: int uiRotateGestures
com.partlight.ms.R$color: int StatusBarColor
com.partlight.ms.R$color: int common_action_bar_splitter
com.partlight.ms.R$color: int common_signin_btn_dark_text_default
com.partlight.ms.R$color: int common_signin_btn_dark_text_disabled
com.partlight.ms.R$color: int common_signin_btn_dark_text_focused
com.partlight.ms.R$color: int common_signin_btn_dark_text_pressed
com.partlight.ms.R$color: int common_signin_btn_default_background
com.partlight.ms.R$color: int common_signin_btn_light_text_default
com.partlight.ms.R$color: int common_signin_btn_light_text_disabled
com.partlight.ms.R$color: int common_signin_btn_light_text_focused
com.partlight.ms.R$color: int common_signin_btn_light_text_pressed
com.partlight.ms.R$color: int common_signin_btn_text_dark
com.partlight.ms.R$color: int common_signin_btn_text_light
com.partlight.ms.R$color: int splash_background_color
com.partlight.ms.R$color: int wallet_bright_foreground_disabled_holo_light
com.partlight.ms.R$color: int wallet_bright_foreground_holo_dark
com.partlight.ms.R$color: int wallet_bright_foreground_holo_light
com.partlight.ms.R$color: int wallet_dim_foreground_disabled_holo_dark
com.partlight.ms.R$color: int wallet_dim_foreground_holo_dark
com.partlight.ms.R$color: int wallet_dim_foreground_inverse_disabled_holo_dark
com.partlight.ms.R$color: int wallet_dim_foreground_inverse_holo_dark
com.partlight.ms.R$color: int wallet_highlighted_text_holo_dark
com.partlight.ms.R$color: int wallet_highlighted_text_holo_light
com.partlight.ms.R$dimen: int activity_horizontal_margin
com.partlight.ms.R$dimen: int activity_vertical_margin
...
com.google.android.gms.games.multiplayer.realtime.RealTimeMessage
com.google.android.gms.games.multiplayer.realtime.RealTimeMessage: android.os.Parcelable$Creator CREATOR
com.google.android.gms.games.multiplayer.realtime.Room
com.google.android.gms.games.multiplayer.realtime.RoomEntity
com.google.android.gms.games.multiplayer.realtime.RoomEntity: android.os.Parcelable$Creator CREATOR
com.google.android.gms.games.multiplayer.realtime.RoomRef
com.google.android.gms.games.multiplayer.turnbased.TurnBasedMatch
com.google.android.gms.games.multiplayer.turnbased.TurnBasedMatchEntity
com.google.android.gms.games.multiplayer.turnbased.TurnBasedMatchEntity: android.os.Parcelable$Creator CREATOR
com.google.android.gms.games.multiplayer.turnbased.TurnBasedMatchRef
com.google.android.gms.games.quest.Milestone
com.google.android.gms.games.quest.MilestoneEntity
com.google.android.gms.games.quest.MilestoneEntity: android.os.Parcelable$Creator CREATOR
com.google.android.gms.games.quest.MilestoneRef
com.google.android.gms.games.quest.Quest
com.google.android.gms.games.quest.QuestEntity
com.google.android.gms.games.quest.QuestEntity: android.os.Parcelable$Creator CREATOR
com.google.android.gms.games.quest.QuestRef
com.google.android.gms.games.request.GameRequest
com.google.android.gms.games.request.GameRequestEntity
com.google.android.gms.games.request.GameRequestEntity: android.os.Parcelable$Creator CREATOR
com.google.android.gms.games.request.GameRequestRef
com.google.android.gms.games.snapshot.Snapshot
com.google.android.gms.games.snapshot.SnapshotContents
com.google.android.gms.games.snapshot.SnapshotContentsEntity
com.google.android.gms.games.snapshot.SnapshotContentsEntity: com.google.android.gms.games.snapshot.SnapshotContentsEntityCreator CREATOR
com.google.android.gms.games.snapshot.SnapshotEntity
com.google.android.gms.games.snapshot.SnapshotEntity: android.os.Parcelable$Creator CREATOR
com.google.android.gms.games.snapshot.SnapshotMetadata
com.google.android.gms.games.snapshot.SnapshotMetadataChangeEntity
com.google.android.gms.games.snapshot.SnapshotMetadataChangeEntity: com.google.android.gms.games.snapshot.SnapshotMetadataChangeCreator CREATOR
com.google.android.gms.games.snapshot.SnapshotMetadataEntity
com.google.android.gms.games.snapshot.SnapshotMetadataEntity: android.os.Parcelable$Creator CREATOR
com.google.android.gms.games.snapshot.SnapshotMetadataRef
com.google.android.gms.gcm.OneoffTask
com.google.android.gms.gcm.OneoffTask: android.os.Parcelable$Creator CREATOR
com.google.android.gms.gcm.PendingCallback
com.google.android.gms.gcm.PendingCallback: android.os.Parcelable$Creator CREATOR
com.google.android.gms.gcm.PeriodicTask
com.google.android.gms.gcm.PeriodicTask: android.os.Parcelable$Creator CREATOR
com.google.android.gms.gcm.Task
com.google.android.gms.identity.intents.UserAddressRequest
com.google.android.gms.identity.intents.UserAddressRequest: android.os.Parcelable$Creator CREATOR
com.google.android.gms.identity.intents.model.CountrySpecification
com.google.android.gms.identity.intents.model.CountrySpecification: android.os.Parcelable$Creator CREATOR
com.google.android.gms.identity.intents.model.UserAddress
com.google.android.gms.identity.intents.model.UserAddress: android.os.Parcelable$Creator CREATOR
com.google.android.gms.iid.MessengerCompat
com.google.android.gms.iid.MessengerCompat: android.os.Parcelable$Creator CREATOR
com.google.android.gms.internal.zzad: com.google.android.gms.internal.zzad[] values()
com.google.android.gms.internal.zzad: com.google.android.gms.internal.zzad valueOf(java.lang.String)
com.google.android.gms.internal.zzae: com.google.android.gms.internal.zzae[] values()
com.google.android.gms.internal.zzae: com.google.android.gms.internal.zzae valueOf(java.lang.String)