proguard/usage.txt
com.partlight.ms.BuildConfig
com.partlight.ms.ObstacleSeeker
com.partlight.ms.R
com.partlight.ms.R$attr
com.partlight.ms.R$color
com.partlight.ms.R$dimen
com.partlight.ms.R$drawable
com.partlight.ms.R$id
com.partlight.ms.R$integer
com.partlight.ms.R$layout
com.partlight.ms.R$menu
com.partlight.ms.R$raw
com.partlight.ms.R$string
com.partlight.ms.R$style
com.partlight.ms.R$styleable
com.partlight.ms.Wall
com.partlight.ms.activity.ActivityProtocols:
    21:21:ActivityProtocols()
com.partlight.ms.activity.GameActivity:
    private static final java.lang.String PREFERENCES_NAME
    private static final java.lang.String SHARED_PREFERENCES_NAME
    212:214:public void clearOnCameraBoundsChanged()
    217:218:public void clearOnResumeListeners()
    996:997:public void onSuperBackPressed()
    1133:1136:public void registerOnCameraBoundsChanged(java.lang.Runnable)
    1154:1155:public void removeOnBackPressedListener(com.partlight.ms.util.listener.OnBackPressedListener)
    1192:1194:public void unregisterOnCameraBoundsChanged(java.lang.Runnable)
com.partlight.ms.activity.GameActivity$GooglePlayConstants
com.partlight.ms.activity.GameActivity$Values
com.partlight.ms.activity.SplashActivity:
    private static final boolean TOAST_ON_ERROR
com.partlight.ms.entity.AnimatedShadowedText
com.partlight.ms.entity.AnimatedShadowedText$TransitionData
com.partlight.ms.entity.DissolveAnimatedSprite:
    79:79:public boolean isInverted()
com.partlight.ms.entity.EntitySorter:
    29:29:public org.andengine.entity.IEntity getContext()
com.partlight.ms.entity.ShadowedText:
    16:19:public static java.lang.String getPlaceholderString(int)
    26:27:public ShadowedText(float,float,org.andengine.opengl.font.IFont,java.lang.CharSequence,int,org.andengine.entity.text.TextOptions,org.andengine.entity.text.vbo.ITextVertexBufferObject)
    31:32:public ShadowedText(float,float,org.andengine.opengl.font.IFont,java.lang.CharSequence,int,org.andengine.entity.text.TextOptions,org.andengine.entity.text.vbo.ITextVertexBufferObject,org.andengine.opengl.shader.ShaderProgram)
    36:37:public ShadowedText(float,float,org.andengine.opengl.font.IFont,java.lang.CharSequence,int,org.andengine.entity.text.TextOptions,org.andengine.opengl.vbo.VertexBufferObjectManager)
    41:42:public ShadowedText(float,float,org.andengine.opengl.font.IFont,java.lang.CharSequence,int,org.andengine.entity.text.TextOptions,org.andengine.opengl.vbo.VertexBufferObjectManager,org.andengine.opengl.vbo.DrawType)
    46:47:public ShadowedText(float,float,org.andengine.opengl.font.IFont,java.lang.CharSequence,int,org.andengine.entity.text.TextOptions,org.andengine.opengl.vbo.VertexBufferObjectManager,org.andengine.opengl.vbo.DrawType,org.andengine.opengl.shader.ShaderProgram)
    51:52:public ShadowedText(float,float,org.andengine.opengl.font.IFont,java.lang.CharSequence,int,org.andengine.opengl.vbo.VertexBufferObjectManager)
com.partlight.ms.entity.ShadowedTickerText
...
android.support.v4.view.ViewPropertyAnimatorUpdateListener
android.support.v4.view.WindowCompat
android.support.v4.view.WindowInsetsCompat
android.support.v4.view.WindowInsetsCompatApi21
android.support.v4.view.accessibility.AccessibilityEventCompat:
    public static final int TYPE_VIEW_HOVER_ENTER
    public static final int TYPE_VIEW_HOVER_EXIT
    public static final int TYPE_TOUCH_EXPLORATION_GESTURE_START
    public static final int TYPE_TOUCH_EXPLORATION_GESTURE_END
    public static final int TYPE_WINDOW_CONTENT_CHANGED
    public static final int TYPE_VIEW_SCROLLED
    public static final int TYPE_VIEW_TEXT_SELECTION_CHANGED
    public static final int TYPE_ANNOUNCEMENT
    public static final int TYPE_VIEW_ACCESSIBILITY_FOCUSED
    public static final int TYPE_VIEW_ACCESSIBILITY_FOCUS_CLEARED
    public static final int TYPE_VIEW_TEXT_TRAVERSED_AT_MOVEMENT_GRANULARITY
    public static final int TYPE_GESTURE_DETECTION_START
    public static final int TYPE_GESTURE_DETECTION_END
    public static final int TYPE_TOUCH_INTERACTION_START
    public static final int TYPE_TOUCH_INTERACTION_END
    public static final int CONTENT_CHANGE_TYPE_UNDEFINED
    public static final int CONTENT_CHANGE_TYPE_SUBTREE
    public static final int CONTENT_CHANGE_TYPE_TEXT
    public static final int CONTENT_CHANGE_TYPE_CONTENT_DESCRIPTION
    public static final int TYPES_ALL_MASK
    235:237:private AccessibilityEventCompat()
    245:245:public static int getRecordCount(android.view.accessibility.AccessibilityEvent)
    257:258:public static void appendRecord(android.view.accessibility.AccessibilityEvent,android.support.v4.view.accessibility.AccessibilityRecordCompat)
android.support.v4.view.accessibility.AccessibilityEventCompat$AccessibilityEventIcsImpl:
    68:69:public void appendRecord(android.view.accessibility.AccessibilityEvent,java.lang.Object)
    73:73:public java.lang.Object getRecord(android.view.accessibility.AccessibilityEvent,int)
    78:78:public int getRecordCount(android.view.accessibility.AccessibilityEvent)
android.support.v4.view.accessibility.AccessibilityEventCompat$AccessibilityEventKitKatImpl:
    86:87:public void setContentChangeTypes(android.view.accessibility.AccessibilityEvent,int)
    91:91:public int getContentChangeTypes(android.view.accessibility.AccessibilityEvent)
android.support.v4.view.accessibility.AccessibilityEventCompat$AccessibilityEventStubImpl:
    41:41:public void appendRecord(android.view.accessibility.AccessibilityEvent,java.lang.Object)
    45:45:public java.lang.Object getRecord(android.view.accessibility.AccessibilityEvent,int)
    51:51:public void setContentChangeTypes(android.view.accessibility.AccessibilityEvent,int)
    55:55:public int getRecordCount(android.view.accessibility.AccessibilityEvent)
    60:60:public int getContentChangeTypes(android.view.accessibility.AccessibilityEvent)
android.support.v4.view.accessibility.AccessibilityEventCompat$AccessibilityEventVersionImpl:
    public abstract int getRecordCount(android.view.accessibility.AccessibilityEvent)
    public abstract void appendRecord(android.view.accessibility.AccessibilityEvent,java.lang.Object)
    public abstract java.lang.Object getRecord(android.view.accessibility.AccessibilityEvent,int)
    public abstract void setContentChangeTypes(android.view.accessibility.AccessibilityEvent,int)
    public abstract int getContentChangeTypes(android.view.accessibility.AccessibilityEvent)
android.support.v4.view.accessibility.AccessibilityEventCompatIcs
android.support.v4.view.accessibility.AccessibilityEventCompatKitKat
android.support.v4.view.accessibility.AccessibilityManagerCompat
android.support.v4.view.accessibility.AccessibilityManagerCompat$AccessibilityManagerIcsImpl
android.support.v4.view.accessibility.AccessibilityManagerCompat$AccessibilityManagerIcsImpl$1
android.support.v4.view.accessibility.AccessibilityManagerCompat$AccessibilityManagerStubImpl